INFO [acme.Launcher] Starting Launcher using Java 1.8.0_281 on LAPTOP-3MG9834M with PID 18784 (C:\Users\fjrod\Workspace-21.1\Projects\DP2-G18-SP2\target\classes started by fjrod in C:\Users\fjrod\Workspace-21.1\Projects\DP2-G18-SP2)
INFO [acme.Launcher] The following profiles are active: development,populator
INFO [acme.Launcher] Starting Launcher using Java 1.8.0_281 on LAPTOP-3MG9834M with PID 3660 (C:\Users\fjrod\Workspace-21.1\Projects\DP2-G18-SP2\target\classes started by fjrod in C:\Users\fjrod\Workspace-21.1\Projects\DP2-G18-SP2)
INFO [acme.Launcher] The following profiles are active: development,populator
INFO [acme.Launcher] Starting Launcher using Java 1.8.0_281 on LAPTOP-3MG9834M with PID 12652 (C:\Users\fjrod\Workspace-21.1\Projects\DP2-G18-SP2\target\classes started by fjrod in C:\Users\fjrod\Workspace-21.1\Projects\DP2-G18-SP2)
INFO [acme.Launcher] The following profiles are active: development,populator
INFO [acme.Launcher] Started Launcher in 8.327 seconds (JVM running for 9.006)
INFO [acme.framework.utilities.DatabasePopulator] Populating sample data
INFO [acme.framework.utilities.DatabasePopulator] Recreating schema
INFO [acme.framework.utilities.DatabasePopulator] Populating entities from classpath:/WEB-INF/population/initial-data.xml
INFO [acme.framework.utilities.DatabasePopulator] Validating your entities.
INFO [acme.framework.utilities.DatabasePopulator] Validating anonymousUserAccount ... PASS
INFO [acme.framework.utilities.DatabasePopulator] Validating anonymousAnonymous ... PASS
INFO [acme.framework.utilities.DatabasePopulator] Validating administratorUserAccount ... PASS
INFO [acme.framework.utilities.DatabasePopulator] Validating administratorAdministrator ... PASS
INFO [acme.framework.utilities.DatabasePopulator] Validating administratorAuthenticated ... PASS
INFO [acme.framework.utilities.DatabasePopulator] Sorting your entities topologically.
INFO [acme.framework.utilities.DatabasePopulator] > Setting index 0 for anonymousUserAccount.
INFO [acme.framework.utilities.DatabasePopulator] > Setting index 1 for anonymousAnonymous.
INFO [acme.framework.utilities.DatabasePopulator] > Setting index 2 for administratorUserAccount.
INFO [acme.framework.utilities.DatabasePopulator] > Setting index 3 for administratorAdministrator.
INFO [acme.framework.utilities.DatabasePopulator] > Setting index 4 for administratorAuthenticated.
INFO [acme.framework.utilities.DatabasePopulator] Persiting your entities.
INFO [acme.framework.utilities.DatabasePopulator] > Persisting anonymousUserAccount = acme.framework.entities.UserAccount{id=1, version=0}
INFO [acme.framework.utilities.DatabasePopulator] > Persisting anonymousAnonymous = acme.framework.entities.Anonymous{id=2, version=0}
INFO [acme.framework.utilities.DatabasePopulator] > Persisting administratorUserAccount = acme.framework.entities.UserAccount{id=3, version=0}
INFO [acme.framework.utilities.DatabasePopulator] > Persisting administratorAdministrator = acme.framework.entities.Administrator{id=4, version=0}
INFO [acme.framework.utilities.DatabasePopulator] > Persisting administratorAuthenticated = acme.framework.entities.Authenticated{id=5, version=0}
INFO [acme.framework.utilities.DatabasePopulator] Populating entities from classpath:/WEB-INF/population/sample-data.xml
INFO [acme.framework.utilities.DatabasePopulator] Validating your entities.
INFO [acme.framework.utilities.DatabasePopulator] Validating shout01 ... PASS
INFO [acme.framework.utilities.DatabasePopulator] Validating shout02 ... PASS
INFO [acme.framework.utilities.DatabasePopulator] Validating shout03 ... PASS
INFO [acme.framework.utilities.DatabasePopulator] Validating shout04 ... PASS
INFO [acme.framework.utilities.DatabasePopulator] Validating shout05 ... PASS
INFO [acme.framework.utilities.DatabasePopulator] Validating shout06 ... PASS
INFO [acme.framework.utilities.DatabasePopulator] Validating managerUserAccount1 ... PASS
INFO [acme.framework.utilities.DatabasePopulator] Validating managerManager ... PASS
INFO [acme.framework.utilities.DatabasePopulator] Validating managerAuthenticated ... PASS
INFO [acme.framework.utilities.DatabasePopulator] Validating task01 ... PASS
INFO [acme.framework.utilities.DatabasePopulator] Validating task02 ... PASS
INFO [acme.framework.utilities.DatabasePopulator] Validating task03 ... PASS
INFO [acme.framework.utilities.DatabasePopulator] Validating task04 ... PASS
INFO [acme.framework.utilities.DatabasePopulator] Validating task05 ... PASS
INFO [acme.framework.utilities.DatabasePopulator] Validating task06 ... PASS
INFO [acme.framework.utilities.DatabasePopulator] Validating task07 ... PASS
INFO [acme.framework.utilities.DatabasePopulator] Validating task08 ... PASS
INFO [acme.framework.utilities.DatabasePopulator] Validating task09 ... PASS
INFO [acme.framework.utilities.DatabasePopulator] Validating task10 ... PASS
INFO [acme.framework.utilities.DatabasePopulator] Validating task11 ... PASS
INFO [acme.framework.utilities.DatabasePopulator] Validating task12 ... PASS
INFO [acme.framework.utilities.DatabasePopulator] Validating task13 ... PASS
INFO [acme.framework.utilities.DatabasePopulator] Validating task14 ... PASS
INFO [acme.framework.utilities.DatabasePopulator] Validating task15 ... PASS
INFO [acme.framework.utilities.DatabasePopulator] Validating task16 ... PASS
INFO [acme.framework.utilities.DatabasePopulator] Validating spam01 ... PASS
INFO [acme.framework.utilities.DatabasePopulator] Validating spam02 ... PASS
INFO [acme.framework.utilities.DatabasePopulator] Validating spam03 ... PASS
INFO [acme.framework.utilities.DatabasePopulator] Validating spam04 ... PASS
INFO [acme.framework.utilities.DatabasePopulator] Validating spam05 ... PASS
INFO [acme.framework.utilities.DatabasePopulator] Validating spam06 ... PASS
INFO [acme.framework.utilities.DatabasePopulator] Validating spam07 ... PASS
INFO [acme.framework.utilities.DatabasePopulator] Validating spam08 ... PASS
INFO [acme.framework.utilities.DatabasePopulator] Validating spam09 ... PASS
INFO [acme.framework.utilities.DatabasePopulator] Validating spam10 ... PASS
INFO [acme.framework.utilities.DatabasePopulator] Validating configuration01 ... PASS
INFO [acme.framework.utilities.DatabasePopulator] Sorting your entities topologically.
INFO [acme.framework.utilities.DatabasePopulator] > Setting index 0 for shout01.
INFO [acme.framework.utilities.DatabasePopulator] > Setting index 1 for shout02.
INFO [acme.framework.utilities.DatabasePopulator] > Setting index 2 for shout03.
INFO [acme.framework.utilities.DatabasePopulator] > Setting index 3 for shout04.
INFO [acme.framework.utilities.DatabasePopulator] > Setting index 4 for shout05.
INFO [acme.framework.utilities.DatabasePopulator] > Setting index 5 for shout06.
INFO [acme.framework.utilities.DatabasePopulator] > Setting index 6 for managerUserAccount1.
INFO [acme.framework.utilities.DatabasePopulator] > Setting index 7 for managerManager.
INFO [acme.framework.utilities.DatabasePopulator] > Setting index 8 for managerAuthenticated.
INFO [acme.framework.utilities.DatabasePopulator] > Setting index 9 for task01.
INFO [acme.framework.utilities.DatabasePopulator] > Setting index 10 for task02.
INFO [acme.framework.utilities.DatabasePopulator] > Setting index 11 for task03.
INFO [acme.framework.utilities.DatabasePopulator] > Setting index 12 for task04.
INFO [acme.framework.utilities.DatabasePopulator] > Setting index 13 for task05.
INFO [acme.framework.utilities.DatabasePopulator] > Setting index 14 for task06.
INFO [acme.framework.utilities.DatabasePopulator] > Setting index 15 for task07.
INFO [acme.framework.utilities.DatabasePopulator] > Setting index 16 for task08.
INFO [acme.framework.utilities.DatabasePopulator] > Setting index 17 for task09.
INFO [acme.framework.utilities.DatabasePopulator] > Setting index 18 for task10.
INFO [acme.framework.utilities.DatabasePopulator] > Setting index 19 for task11.
INFO [acme.framework.utilities.DatabasePopulator] > Setting index 20 for task12.
INFO [acme.framework.utilities.DatabasePopulator] > Setting index 21 for task13.
INFO [acme.framework.utilities.DatabasePopulator] > Setting index 22 for task14.
INFO [acme.framework.utilities.DatabasePopulator] > Setting index 23 for task15.
INFO [acme.framework.utilities.DatabasePopulator] > Setting index 24 for task16.
INFO [acme.framework.utilities.DatabasePopulator] > Setting index 25 for spam01.
INFO [acme.framework.utilities.DatabasePopulator] > Setting index 26 for spam02.
INFO [acme.framework.utilities.DatabasePopulator] > Setting index 27 for spam03.
INFO [acme.framework.utilities.DatabasePopulator] > Setting index 28 for spam04.
INFO [acme.framework.utilities.DatabasePopulator] > Setting index 29 for spam05.
INFO [acme.framework.utilities.DatabasePopulator] > Setting index 30 for spam06.
INFO [acme.framework.utilities.DatabasePopulator] > Setting index 31 for spam07.
INFO [acme.framework.utilities.DatabasePopulator] > Setting index 32 for spam08.
INFO [acme.framework.utilities.DatabasePopulator] > Setting index 33 for spam09.
INFO [acme.framework.utilities.DatabasePopulator] > Setting index 34 for spam10.
INFO [acme.framework.utilities.DatabasePopulator] > Setting index 35 for configuration01.
INFO [acme.framework.utilities.DatabasePopulator] Persiting your entities.
INFO [acme.framework.utilities.DatabasePopulator] > Persisting shout01 = acme.entities.shouts.Shout{id=6, version=0}
INFO [acme.framework.utilities.DatabasePopulator] > Persisting shout02 = acme.entities.shouts.Shout{id=7, version=0}
INFO [acme.framework.utilities.DatabasePopulator] > Persisting shout03 = acme.entities.shouts.Shout{id=8, version=0}
INFO [acme.framework.utilities.DatabasePopulator] > Persisting shout04 = acme.entities.shouts.Shout{id=9, version=0}
INFO [acme.framework.utilities.DatabasePopulator] > Persisting shout05 = acme.entities.shouts.Shout{id=10, version=0}
INFO [acme.framework.utilities.DatabasePopulator] > Persisting shout06 = acme.entities.shouts.Shout{id=11, version=0}
INFO [acme.framework.utilities.DatabasePopulator] > Persisting managerUserAccount1 = acme.framework.entities.UserAccount{id=12, version=0}
INFO [acme.framework.utilities.DatabasePopulator] > Persisting managerManager = acme.entities.roles.Manager{id=13, version=0}
INFO [acme.framework.utilities.DatabasePopulator] > Persisting managerAuthenticated = acme.framework.entities.Authenticated{id=14, version=0}
INFO [acme.framework.utilities.DatabasePopulator] > Persisting task01 = acme.entities.tasks.Task{id=15, version=0}
INFO [acme.framework.utilities.DatabasePopulator] > Persisting task02 = acme.entities.tasks.Task{id=16, version=0}
INFO [acme.framework.utilities.DatabasePopulator] > Persisting task03 = acme.entities.tasks.Task{id=17, version=0}
INFO [acme.framework.utilities.DatabasePopulator] > Persisting task04 = acme.entities.tasks.Task{id=18, version=0}
INFO [acme.framework.utilities.DatabasePopulator] > Persisting task05 = acme.entities.tasks.Task{id=19, version=0}
INFO [acme.framework.utilities.DatabasePopulator] > Persisting task06 = acme.entities.tasks.Task{id=20, version=0}
INFO [acme.framework.utilities.DatabasePopulator] > Persisting task07 = acme.entities.tasks.Task{id=21, version=0}
INFO [acme.framework.utilities.DatabasePopulator] > Persisting task08 = acme.entities.tasks.Task{id=22, version=0}
INFO [acme.framework.utilities.DatabasePopulator] > Persisting task09 = acme.entities.tasks.Task{id=23, version=0}
INFO [acme.framework.utilities.DatabasePopulator] > Persisting task10 = acme.entities.tasks.Task{id=24, version=0}
INFO [acme.framework.utilities.DatabasePopulator] > Persisting task11 = acme.entities.tasks.Task{id=25, version=0}
INFO [acme.framework.utilities.DatabasePopulator] > Persisting task12 = acme.entities.tasks.Task{id=26, version=0}
INFO [acme.framework.utilities.DatabasePopulator] > Persisting task13 = acme.entities.tasks.Task{id=27, version=0}
INFO [acme.framework.utilities.DatabasePopulator] > Persisting task14 = acme.entities.tasks.Task{id=28, version=0}
INFO [acme.framework.utilities.DatabasePopulator] > Persisting task15 = acme.entities.tasks.Task{id=29, version=0}
INFO [acme.framework.utilities.DatabasePopulator] > Persisting task16 = acme.entities.tasks.Task{id=30, version=0}
INFO [acme.framework.utilities.DatabasePopulator] > Persisting spam01 = acme.entities.configuration.Spam{id=31, version=0}
INFO [acme.framework.utilities.DatabasePopulator] > Persisting spam02 = acme.entities.configuration.Spam{id=32, version=0}
INFO [acme.framework.utilities.DatabasePopulator] > Persisting spam03 = acme.entities.configuration.Spam{id=33, version=0}
INFO [acme.framework.utilities.DatabasePopulator] > Persisting spam04 = acme.entities.configuration.Spam{id=34, version=0}
INFO [acme.framework.utilities.DatabasePopulator] > Persisting spam05 = acme.entities.configuration.Spam{id=35, version=0}
INFO [acme.framework.utilities.DatabasePopulator] > Persisting spam06 = acme.entities.configuration.Spam{id=36, version=0}
INFO [acme.framework.utilities.DatabasePopulator] > Persisting spam07 = acme.entities.configuration.Spam{id=37, version=0}
INFO [acme.framework.utilities.DatabasePopulator] > Persisting spam08 = acme.entities.configuration.Spam{id=38, version=0}
INFO [acme.framework.utilities.DatabasePopulator] > Persisting spam09 = acme.entities.configuration.Spam{id=39, version=0}
INFO [acme.framework.utilities.DatabasePopulator] > Persisting spam10 = acme.entities.configuration.Spam{id=40, version=0}
INFO [acme.framework.utilities.DatabasePopulator] > Persisting configuration01 = acme.entities.configuration.Configuration{id=41, version=0}
INFO [acme.framework.configuration.ShutdownConfiguration] The system is shutting down...
ERROR [com.zaxxer.hikari.pool.HikariPool] at com.mysql.cj.jdbc.exceptions.SQLError.createSQLException(SQLError.java:120): Access denied for user 'acme-user'@'%' to database 'acme-work-plans'
WARN [org.hibernate.engine.jdbc.env.internal.JdbcEnvironmentInitiator] at com.mysql.cj.jdbc.exceptions.SQLError.createSQLException(SQLError.java:120): Access denied for user 'acme-user'@'%' to database 'acme-work-plans'
ERROR [org.springframework.orm.jpa.LocalContainerEntityManagerFactoryBean] Failed to initialize JPA EntityManagerFactory: Unable to create requested service [org.hibernate.engine.jdbc.env.spi.JdbcEnvironment]
WARN [org.springframework.boot.web.servlet.context.AnnotationConfigServletWebServerApplicationContext] Exception encountered during context initialization - cancelling refresh attempt: org.springframework.beans.factory.BeanCreationException: Error creating bean with name 'entityManagerFactory' defined in class path resource [org/springframework/boot/autoconfigure/orm/jpa/HibernateJpaConfiguration.class]: Invocation of init method failed; nested exception is org.hibernate.service.spi.ServiceException: Unable to create requested service [org.hibernate.engine.jdbc.env.spi.JdbcEnvironment]
ERROR [org.springframework.boot.SpringApplication] at org.springframework.beans.factory.support.AbstractAutowireCapableBeanFactory.initializeBean(AbstractAutowireCapableBeanFactory.java:1788): Error creating bean with name 'entityManagerFactory' defined in class path resource [org/springframework/boot/autoconfigure/orm/jpa/HibernateJpaConfiguration.class]: Invocation of init method failed; nested exception is org.hibernate.service.spi.ServiceException: Unable to create requested service [org.hibernate.engine.jdbc.env.spi.JdbcEnvironment]
at org.hibernate.service.internal.AbstractServiceRegistryImpl.createService(AbstractServiceRegistryImpl.java:275): Unable to create requested service [org.hibernate.engine.jdbc.env.spi.JdbcEnvironment]
at org.hibernate.engine.jdbc.dialect.internal.DialectFactoryImpl.determineDialect(DialectFactoryImpl.java:100): Access to DialectResolutionInfo cannot be null when 'hibernate.dialect' not set
ERROR [com.zaxxer.hikari.pool.HikariPool] at com.mysql.cj.jdbc.exceptions.SQLError.createSQLException(SQLError.java:120): Access denied for user 'acme-user'@'%' to database 'acme-work-plans'
WARN [org.hibernate.engine.jdbc.env.internal.JdbcEnvironmentInitiator] at com.mysql.cj.jdbc.exceptions.SQLError.createSQLException(SQLError.java:120): Access denied for user 'acme-user'@'%' to database 'acme-work-plans'
ERROR [org.springframework.orm.jpa.LocalContainerEntityManagerFactoryBean] Failed to initialize JPA EntityManagerFactory: Unable to create requested service [org.hibernate.engine.jdbc.env.spi.JdbcEnvironment]
WARN [org.springframework.boot.web.servlet.context.AnnotationConfigServletWebServerApplicationContext] Exception encountered during context initialization - cancelling refresh attempt: org.springframework.beans.factory.BeanCreationException: Error creating bean with name 'entityManagerFactory' defined in class path resource [org/springframework/boot/autoconfigure/orm/jpa/HibernateJpaConfiguration.class]: Invocation of init method failed; nested exception is org.hibernate.service.spi.ServiceException: Unable to create requested service [org.hibernate.engine.jdbc.env.spi.JdbcEnvironment]
ERROR [org.springframework.boot.SpringApplication] at org.springframework.beans.factory.support.AbstractAutowireCapableBeanFactory.initializeBean(AbstractAutowireCapableBeanFactory.java:1788): Error creating bean with name 'entityManagerFactory' defined in class path resource [org/springframework/boot/autoconfigure/orm/jpa/HibernateJpaConfiguration.class]: Invocation of init method failed; nested exception is org.hibernate.service.spi.ServiceException: Unable to create requested service [org.hibernate.engine.jdbc.env.spi.JdbcEnvironment]
at org.hibernate.service.internal.AbstractServiceRegistryImpl.createService(AbstractServiceRegistryImpl.java:275): Unable to create requested service [org.hibernate.engine.jdbc.env.spi.JdbcEnvironment]
at org.hibernate.engine.jdbc.dialect.internal.DialectFactoryImpl.determineDialect(DialectFactoryImpl.java:100): Access to DialectResolutionInfo cannot be null when 'hibernate.dialect' not set
INFO [acme.Launcher] Starting Launcher using Java 1.8.0_281 on LAPTOP-3MG9834M with PID 5596 (C:\Users\fjrod\Workspace-21.1\Projects\DP2-G18-SP2\target\classes started by fjrod in C:\Users\fjrod\Workspace-21.1\Projects\DP2-G18-SP2)
INFO [acme.Launcher] The following profiles are active: development,populator
INFO [acme.Launcher] Starting Launcher using Java 1.8.0_281 on LAPTOP-3MG9834M with PID 5728 (C:\Users\fjrod\Workspace-21.1\Projects\DP2-G18-SP2\target\classes started by fjrod in C:\Users\fjrod\Workspace-21.1\Projects\DP2-G18-SP2)
INFO [acme.Launcher] The following profiles are active: development,populator
INFO [acme.Launcher] Starting Launcher using Java 1.8.0_281 on LAPTOP-3MG9834M with PID 19572 (C:\Users\fjrod\Workspace-21.1\Projects\DP2-G18-SP2\target\classes started by fjrod in C:\Users\fjrod\Workspace-21.1\Projects\DP2-G18-SP2)
INFO [acme.Launcher] The following profiles are active: development,populator
ERROR [com.zaxxer.hikari.pool.HikariPool] at com.mysql.cj.jdbc.exceptions.SQLError.createSQLException(SQLError.java:120): Access denied for user 'acme-user'@'%' to database 'acme-work-plans'
WARN [org.hibernate.engine.jdbc.env.internal.JdbcEnvironmentInitiator] at com.mysql.cj.jdbc.exceptions.SQLError.createSQLException(SQLError.java:120): Access denied for user 'acme-user'@'%' to database 'acme-work-plans'
ERROR [org.springframework.orm.jpa.LocalContainerEntityManagerFactoryBean] Failed to initialize JPA EntityManagerFactory: Unable to create requested service [org.hibernate.engine.jdbc.env.spi.JdbcEnvironment]
WARN [org.springframework.boot.web.servlet.context.AnnotationConfigServletWebServerApplicationContext] Exception encountered during context initialization - cancelling refresh attempt: org.springframework.beans.factory.BeanCreationException: Error creating bean with name 'entityManagerFactory' defined in class path resource [org/springframework/boot/autoconfigure/orm/jpa/HibernateJpaConfiguration.class]: Invocation of init method failed; nested exception is org.hibernate.service.spi.ServiceException: Unable to create requested service [org.hibernate.engine.jdbc.env.spi.JdbcEnvironment]
ERROR [org.springframework.boot.SpringApplication] at org.springframework.beans.factory.support.AbstractAutowireCapableBeanFactory.initializeBean(AbstractAutowireCapableBeanFactory.java:1788): Error creating bean with name 'entityManagerFactory' defined in class path resource [org/springframework/boot/autoconfigure/orm/jpa/HibernateJpaConfiguration.class]: Invocation of init method failed; nested exception is org.hibernate.service.spi.ServiceException: Unable to create requested service [org.hibernate.engine.jdbc.env.spi.JdbcEnvironment]
at org.hibernate.service.internal.AbstractServiceRegistryImpl.createService(AbstractServiceRegistryImpl.java:275): Unable to create requested service [org.hibernate.engine.jdbc.env.spi.JdbcEnvironment]
at org.hibernate.engine.jdbc.dialect.internal.DialectFactoryImpl.determineDialect(DialectFactoryImpl.java:100): Access to DialectResolutionInfo cannot be null when 'hibernate.dialect' not set
INFO [acme.Launcher] Starting Launcher using Java 1.8.0_281 on LAPTOP-3MG9834M with PID 13480 (C:\Users\fjrod\Workspace-21.1\Projects\DP2-G18-SP2\target\classes started by fjrod in C:\Users\fjrod\Workspace-21.1\Projects\DP2-G18-SP2)
INFO [acme.Launcher] The following profiles are active: development,populator
INFO [acme.Launcher] Starting Launcher using Java 1.8.0_281 on LAPTOP-3MG9834M with PID 4160 (C:\Users\fjrod\Workspace-21.1\Projects\DP2-G18-SP2\target\classes started by fjrod in C:\Users\fjrod\Workspace-21.1\Projects\DP2-G18-SP2)
INFO [acme.Launcher] The following profiles are active: development,populator
INFO [acme.Launcher] Starting Launcher using Java 1.8.0_281 on LAPTOP-3MG9834M with PID 3836 (C:\Users\fjrod\Workspace-21.1\Projects\DP2-G18-SP2\target\classes started by fjrod in C:\Users\fjrod\Workspace-21.1\Projects\DP2-G18-SP2)
INFO [acme.Launcher] The following profiles are active: development,populator
INFO [acme.Launcher] Started Launcher in 8.149 seconds (JVM running for 8.884)
INFO [acme.framework.utilities.DatabasePopulator] Populating sample data
INFO [acme.framework.utilities.DatabasePopulator] Recreating schema
INFO [acme.framework.utilities.DatabasePopulator] Populating entities from classpath:/WEB-INF/population/initial-data.xml
INFO [acme.framework.utilities.DatabasePopulator] Validating your entities.
INFO [acme.framework.utilities.DatabasePopulator] Validating anonymousUserAccount ... PASS
INFO [acme.framework.utilities.DatabasePopulator] Validating anonymousAnonymous ... PASS
INFO [acme.framework.utilities.DatabasePopulator] Validating administratorUserAccount ... PASS
INFO [acme.framework.utilities.DatabasePopulator] Validating administratorAdministrator ... PASS
INFO [acme.framework.utilities.DatabasePopulator] Validating administratorAuthenticated ... PASS
INFO [acme.framework.utilities.DatabasePopulator] Sorting your entities topologically.
INFO [acme.framework.utilities.DatabasePopulator] > Setting index 0 for anonymousUserAccount.
INFO [acme.framework.utilities.DatabasePopulator] > Setting index 1 for anonymousAnonymous.
INFO [acme.framework.utilities.DatabasePopulator] > Setting index 2 for administratorUserAccount.
INFO [acme.framework.utilities.DatabasePopulator] > Setting index 3 for administratorAdministrator.
INFO [acme.framework.utilities.DatabasePopulator] > Setting index 4 for administratorAuthenticated.
INFO [acme.framework.utilities.DatabasePopulator] Persiting your entities.
INFO [acme.framework.utilities.DatabasePopulator] > Persisting anonymousUserAccount = acme.framework.entities.UserAccount{id=1, version=0}
INFO [acme.framework.utilities.DatabasePopulator] > Persisting anonymousAnonymous = acme.framework.entities.Anonymous{id=2, version=0}
INFO [acme.framework.utilities.DatabasePopulator] > Persisting administratorUserAccount = acme.framework.entities.UserAccount{id=3, version=0}
INFO [acme.framework.utilities.DatabasePopulator] > Persisting administratorAdministrator = acme.framework.entities.Administrator{id=4, version=0}
INFO [acme.framework.utilities.DatabasePopulator] > Persisting administratorAuthenticated = acme.framework.entities.Authenticated{id=5, version=0}
INFO [acme.framework.utilities.DatabasePopulator] Populating entities from classpath:/WEB-INF/population/sample-data.xml
INFO [acme.framework.utilities.DatabasePopulator] Validating your entities.
INFO [acme.framework.utilities.DatabasePopulator] Validating shout01 ... PASS
INFO [acme.framework.utilities.DatabasePopulator] Validating shout02 ... PASS
INFO [acme.framework.utilities.DatabasePopulator] Validating shout03 ... PASS
INFO [acme.framework.utilities.DatabasePopulator] Validating shout04 ... PASS
INFO [acme.framework.utilities.DatabasePopulator] Validating shout05 ... PASS
INFO [acme.framework.utilities.DatabasePopulator] Validating shout06 ... PASS
INFO [acme.framework.utilities.DatabasePopulator] Validating managerUserAccount1 ... PASS
INFO [acme.framework.utilities.DatabasePopulator] Validating managerManager ... PASS
INFO [acme.framework.utilities.DatabasePopulator] Validating managerAuthenticated ... PASS
INFO [acme.framework.utilities.DatabasePopulator] Validating task01 ... PASS
INFO [acme.framework.utilities.DatabasePopulator] Validating task02 ... PASS
INFO [acme.framework.utilities.DatabasePopulator] Validating task03 ... PASS
INFO [acme.framework.utilities.DatabasePopulator] Validating task04 ... PASS
INFO [acme.framework.utilities.DatabasePopulator] Validating task05 ... PASS
INFO [acme.framework.utilities.DatabasePopulator] Validating task06 ... PASS
INFO [acme.framework.utilities.DatabasePopulator] Validating task07 ... PASS
INFO [acme.framework.utilities.DatabasePopulator] Validating task08 ... PASS
INFO [acme.framework.utilities.DatabasePopulator] Validating task09 ... PASS
INFO [acme.framework.utilities.DatabasePopulator] Validating task10 ... PASS
INFO [acme.framework.utilities.DatabasePopulator] Validating task11 ... PASS
INFO [acme.framework.utilities.DatabasePopulator] Validating task12 ... PASS
INFO [acme.framework.utilities.DatabasePopulator] Validating task13 ... PASS
INFO [acme.framework.utilities.DatabasePopulator] Validating task14 ... PASS
INFO [acme.framework.utilities.DatabasePopulator] Validating task15 ... PASS
INFO [acme.framework.utilities.DatabasePopulator] Validating task16 ... PASS
INFO [acme.framework.utilities.DatabasePopulator] Validating spam01 ... PASS
INFO [acme.framework.utilities.DatabasePopulator] Validating spam02 ... PASS
INFO [acme.framework.utilities.DatabasePopulator] Validating spam03 ... PASS
INFO [acme.framework.utilities.DatabasePopulator] Validating spam04 ... PASS
INFO [acme.framework.utilities.DatabasePopulator] Validating spam05 ... PASS
INFO [acme.framework.utilities.DatabasePopulator] Validating spam06 ... PASS
INFO [acme.framework.utilities.DatabasePopulator] Validating spam07 ... PASS
INFO [acme.framework.utilities.DatabasePopulator] Validating spam08 ... PASS
INFO [acme.framework.utilities.DatabasePopulator] Validating spam09 ... PASS
INFO [acme.framework.utilities.DatabasePopulator] Validating spam10 ... PASS
INFO [acme.framework.utilities.DatabasePopulator] Validating configuration01 ... PASS
INFO [acme.framework.utilities.DatabasePopulator] Sorting your entities topologically.
INFO [acme.framework.utilities.DatabasePopulator] > Setting index 0 for shout01.
INFO [acme.framework.utilities.DatabasePopulator] > Setting index 1 for shout02.
INFO [acme.framework.utilities.DatabasePopulator] > Setting index 2 for shout03.
INFO [acme.framework.utilities.DatabasePopulator] > Setting index 3 for shout04.
INFO [acme.framework.utilities.DatabasePopulator] > Setting index 4 for shout05.
INFO [acme.framework.utilities.DatabasePopulator] > Setting index 5 for shout06.
INFO [acme.framework.utilities.DatabasePopulator] > Setting index 6 for managerUserAccount1.
INFO [acme.framework.utilities.DatabasePopulator] > Setting index 7 for managerManager.
INFO [acme.framework.utilities.DatabasePopulator] > Setting index 8 for managerAuthenticated.
INFO [acme.framework.utilities.DatabasePopulator] > Setting index 9 for task01.
INFO [acme.framework.utilities.DatabasePopulator] > Setting index 10 for task02.
INFO [acme.framework.utilities.DatabasePopulator] > Setting index 11 for task03.
INFO [acme.framework.utilities.DatabasePopulator] > Setting index 12 for task04.
INFO [acme.framework.utilities.DatabasePopulator] > Setting index 13 for task05.
INFO [acme.framework.utilities.DatabasePopulator] > Setting index 14 for task06.
INFO [acme.framework.utilities.DatabasePopulator] > Setting index 15 for task07.
INFO [acme.framework.utilities.DatabasePopulator] > Setting index 16 for task08.
INFO [acme.framework.utilities.DatabasePopulator] > Setting index 17 for task09.
INFO [acme.framework.utilities.DatabasePopulator] > Setting index 18 for task10.
INFO [acme.framework.utilities.DatabasePopulator] > Setting index 19 for task11.
INFO [acme.framework.utilities.DatabasePopulator] > Setting index 20 for task12.
INFO [acme.framework.utilities.DatabasePopulator] > Setting index 21 for task13.
INFO [acme.framework.utilities.DatabasePopulator] > Setting index 22 for task14.
INFO [acme.framework.utilities.DatabasePopulator] > Setting index 23 for task15.
INFO [acme.framework.utilities.DatabasePopulator] > Setting index 24 for task16.
INFO [acme.framework.utilities.DatabasePopulator] > Setting index 25 for spam01.
INFO [acme.framework.utilities.DatabasePopulator] > Setting index 26 for spam02.
INFO [acme.framework.utilities.DatabasePopulator] > Setting index 27 for spam03.
INFO [acme.framework.utilities.DatabasePopulator] > Setting index 28 for spam04.
INFO [acme.framework.utilities.DatabasePopulator] > Setting index 29 for spam05.
INFO [acme.framework.utilities.DatabasePopulator] > Setting index 30 for spam06.
INFO [acme.framework.utilities.DatabasePopulator] > Setting index 31 for spam07.
INFO [acme.framework.utilities.DatabasePopulator] > Setting index 32 for spam08.
INFO [acme.framework.utilities.DatabasePopulator] > Setting index 33 for spam09.
INFO [acme.framework.utilities.DatabasePopulator] > Setting index 34 for spam10.
INFO [acme.framework.utilities.DatabasePopulator] > Setting index 35 for configuration01.
INFO [acme.framework.utilities.DatabasePopulator] Persiting your entities.
INFO [acme.framework.utilities.DatabasePopulator] > Persisting shout01 = acme.entities.shouts.Shout{id=6, version=0}
INFO [acme.framework.utilities.DatabasePopulator] > Persisting shout02 = acme.entities.shouts.Shout{id=7, version=0}
INFO [acme.framework.utilities.DatabasePopulator] > Persisting shout03 = acme.entities.shouts.Shout{id=8, version=0}
INFO [acme.framework.utilities.DatabasePopulator] > Persisting shout04 = acme.entities.shouts.Shout{id=9, version=0}
INFO [acme.framework.utilities.DatabasePopulator] > Persisting shout05 = acme.entities.shouts.Shout{id=10, version=0}
INFO [acme.framework.utilities.DatabasePopulator] > Persisting shout06 = acme.entities.shouts.Shout{id=11, version=0}
INFO [acme.framework.utilities.DatabasePopulator] > Persisting managerUserAccount1 = acme.framework.entities.UserAccount{id=12, version=0}
INFO [acme.framework.utilities.DatabasePopulator] > Persisting managerManager = acme.entities.roles.Manager{id=13, version=0}
INFO [acme.framework.utilities.DatabasePopulator] > Persisting managerAuthenticated = acme.framework.entities.Authenticated{id=14, version=0}
INFO [acme.framework.utilities.DatabasePopulator] > Persisting task01 = acme.entities.tasks.Task{id=15, version=0}
INFO [acme.framework.utilities.DatabasePopulator] > Persisting task02 = acme.entities.tasks.Task{id=16, version=0}
INFO [acme.framework.utilities.DatabasePopulator] > Persisting task03 = acme.entities.tasks.Task{id=17, version=0}
INFO [acme.framework.utilities.DatabasePopulator] > Persisting task04 = acme.entities.tasks.Task{id=18, version=0}
INFO [acme.framework.utilities.DatabasePopulator] > Persisting task05 = acme.entities.tasks.Task{id=19, version=0}
INFO [acme.framework.utilities.DatabasePopulator] > Persisting task06 = acme.entities.tasks.Task{id=20, version=0}
INFO [acme.framework.utilities.DatabasePopulator] > Persisting task07 = acme.entities.tasks.Task{id=21, version=0}
INFO [acme.framework.utilities.DatabasePopulator] > Persisting task08 = acme.entities.tasks.Task{id=22, version=0}
INFO [acme.framework.utilities.DatabasePopulator] > Persisting task09 = acme.entities.tasks.Task{id=23, version=0}
INFO [acme.framework.utilities.DatabasePopulator] > Persisting task10 = acme.entities.tasks.Task{id=24, version=0}
INFO [acme.framework.utilities.DatabasePopulator] > Persisting task11 = acme.entities.tasks.Task{id=25, version=0}
INFO [acme.framework.utilities.DatabasePopulator] > Persisting task12 = acme.entities.tasks.Task{id=26, version=0}
INFO [acme.framework.utilities.DatabasePopulator] > Persisting task13 = acme.entities.tasks.Task{id=27, version=0}
INFO [acme.framework.utilities.DatabasePopulator] > Persisting task14 = acme.entities.tasks.Task{id=28, version=0}
INFO [acme.framework.utilities.DatabasePopulator] > Persisting task15 = acme.entities.tasks.Task{id=29, version=0}
INFO [acme.framework.utilities.DatabasePopulator] > Persisting task16 = acme.entities.tasks.Task{id=30, version=0}
INFO [acme.framework.utilities.DatabasePopulator] > Persisting spam01 = acme.entities.configuration.Spam{id=31, version=0}
INFO [acme.framework.utilities.DatabasePopulator] > Persisting spam02 = acme.entities.configuration.Spam{id=32, version=0}
INFO [acme.framework.utilities.DatabasePopulator] > Persisting spam03 = acme.entities.configuration.Spam{id=33, version=0}
INFO [acme.framework.utilities.DatabasePopulator] > Persisting spam04 = acme.entities.configuration.Spam{id=34, version=0}
INFO [acme.framework.utilities.DatabasePopulator] > Persisting spam05 = acme.entities.configuration.Spam{id=35, version=0}
INFO [acme.framework.utilities.DatabasePopulator] > Persisting spam06 = acme.entities.configuration.Spam{id=36, version=0}
INFO [acme.framework.utilities.DatabasePopulator] > Persisting spam07 = acme.entities.configuration.Spam{id=37, version=0}
INFO [acme.framework.utilities.DatabasePopulator] > Persisting spam08 = acme.entities.configuration.Spam{id=38, version=0}
INFO [acme.framework.utilities.DatabasePopulator] > Persisting spam09 = acme.entities.configuration.Spam{id=39, version=0}
INFO [acme.framework.utilities.DatabasePopulator] > Persisting spam10 = acme.entities.configuration.Spam{id=40, version=0}
INFO [acme.framework.utilities.DatabasePopulator] > Persisting configuration01 = acme.entities.configuration.Configuration{id=41, version=0}
INFO [acme.framework.configuration.ShutdownConfiguration] The system is shutting down...
INFO [acme.Launcher] Starting Launcher using Java 1.8.0_281 on LAPTOP-3MG9834M with PID 17728 (C:\Users\fjrod\Workspace-21.1\Projects\DP2-G18-SP2\target\classes started by fjrod in C:\Users\fjrod\Workspace-21.1\Projects\DP2-G18-SP2)
INFO [acme.Launcher] The following profiles are active: development,populator
INFO [acme.Launcher] Started Launcher in 9.799 seconds (JVM running for 10.558)
INFO [acme.framework.utilities.DatabasePopulator] Populating initial data
INFO [acme.framework.utilities.DatabasePopulator] Recreating schema
INFO [acme.framework.utilities.DatabasePopulator] Populating entities from classpath:/WEB-INF/population/initial-data.xml
INFO [acme.framework.utilities.DatabasePopulator] Validating your entities.
INFO [acme.framework.utilities.DatabasePopulator] Validating anonymousUserAccount ... PASS
INFO [acme.framework.utilities.DatabasePopulator] Validating anonymousAnonymous ... PASS
INFO [acme.framework.utilities.DatabasePopulator] Validating administratorUserAccount ... PASS
INFO [acme.framework.utilities.DatabasePopulator] Validating administratorAdministrator ... PASS
INFO [acme.framework.utilities.DatabasePopulator] Validating administratorAuthenticated ... PASS
INFO [acme.framework.utilities.DatabasePopulator] Sorting your entities topologically.
INFO [acme.framework.utilities.DatabasePopulator] > Setting index 0 for anonymousUserAccount.
INFO [acme.framework.utilities.DatabasePopulator] > Setting index 1 for anonymousAnonymous.
INFO [acme.framework.utilities.DatabasePopulator] > Setting index 2 for administratorUserAccount.
INFO [acme.framework.utilities.DatabasePopulator] > Setting index 3 for administratorAdministrator.
INFO [acme.framework.utilities.DatabasePopulator] > Setting index 4 for administratorAuthenticated.
INFO [acme.framework.utilities.DatabasePopulator] Persiting your entities.
INFO [acme.framework.utilities.DatabasePopulator] > Persisting anonymousUserAccount = acme.framework.entities.UserAccount{id=1, version=0}
INFO [acme.framework.utilities.DatabasePopulator] > Persisting anonymousAnonymous = acme.framework.entities.Anonymous{id=2, version=0}
INFO [acme.framework.utilities.DatabasePopulator] > Persisting administratorUserAccount = acme.framework.entities.UserAccount{id=3, version=0}
INFO [acme.framework.utilities.DatabasePopulator] > Persisting administratorAdministrator = acme.framework.entities.Administrator{id=4, version=0}
INFO [acme.framework.utilities.DatabasePopulator] > Persisting administratorAuthenticated = acme.framework.entities.Authenticated{id=5, version=0}
INFO [acme.framework.configuration.ShutdownConfiguration] The system is shutting down...
WARN [org.hibernate.orm.connections.pooling] HHH10001002: Using Hibernate built-in connection pool (not for production use!)
WARN [org.hibernate.orm.connections.pooling] HHH10001002: Using Hibernate built-in connection pool (not for production use!)
