INFO [acme.Launcher] Starting Launcher using Java 1.8.0_281 on DESKTOP-88O39JL with PID 10576 (C:\Users\Misco Jones\git\DP2-G18-SP2\target\classes started by Misco Jones in C:\Users\Misco Jones\git\DP2-G18-SP2)
INFO [acme.Launcher] The following profiles are active: development,populator
INFO [acme.Launcher] Started Launcher in 6.853 seconds (JVM running for 7.415)
INFO [acme.framework.utilities.DatabasePopulator] Populating sample data
INFO [acme.framework.utilities.DatabasePopulator] Recreating schema
INFO [acme.framework.utilities.DatabasePopulator] Populating entities from classpath:/WEB-INF/population/initial-data.xml
INFO [acme.framework.utilities.DatabasePopulator] Validating your entities.
INFO [acme.framework.utilities.DatabasePopulator] Validating anonymousUserAccount ... PASS
INFO [acme.framework.utilities.DatabasePopulator] Validating anonymousAnonymous ... PASS
INFO [acme.framework.utilities.DatabasePopulator] Validating administratorUserAccount ... PASS
INFO [acme.framework.utilities.DatabasePopulator] Validating administratorAdministrator ... PASS
INFO [acme.framework.utilities.DatabasePopulator] Validating administratorAuthenticated ... PASS
INFO [acme.framework.utilities.DatabasePopulator] Sorting your entities topologically.
INFO [acme.framework.utilities.DatabasePopulator] > Setting index 0 for anonymousUserAccount.
INFO [acme.framework.utilities.DatabasePopulator] > Setting index 1 for anonymousAnonymous.
INFO [acme.framework.utilities.DatabasePopulator] > Setting index 2 for administratorUserAccount.
INFO [acme.framework.utilities.DatabasePopulator] > Setting index 3 for administratorAdministrator.
INFO [acme.framework.utilities.DatabasePopulator] > Setting index 4 for administratorAuthenticated.
INFO [acme.framework.utilities.DatabasePopulator] Persiting your entities.
INFO [acme.framework.utilities.DatabasePopulator] > Persisting anonymousUserAccount = acme.framework.entities.UserAccount{id=1, version=0}
INFO [acme.framework.utilities.DatabasePopulator] > Persisting anonymousAnonymous = acme.framework.entities.Anonymous{id=2, version=0}
INFO [acme.framework.utilities.DatabasePopulator] > Persisting administratorUserAccount = acme.framework.entities.UserAccount{id=3, version=0}
INFO [acme.framework.utilities.DatabasePopulator] > Persisting administratorAdministrator = acme.framework.entities.Administrator{id=4, version=0}
INFO [acme.framework.utilities.DatabasePopulator] > Persisting administratorAuthenticated = acme.framework.entities.Authenticated{id=5, version=0}
INFO [acme.framework.utilities.DatabasePopulator] Populating entities from classpath:/WEB-INF/population/sample-data.xml
INFO [acme.framework.utilities.DatabasePopulator] Validating your entities.
INFO [acme.framework.utilities.DatabasePopulator] Validating managerUserAccount1 ... PASS
INFO [acme.framework.utilities.DatabasePopulator] Validating managerManager ... PASS
INFO [acme.framework.utilities.DatabasePopulator] Validating managerAuthenticated ... PASS
INFO [acme.framework.utilities.DatabasePopulator] Validating task01 ... PASS
INFO [acme.framework.utilities.DatabasePopulator] Validating task02 ... PASS
INFO [acme.framework.utilities.DatabasePopulator] Validating task03 ... PASS
INFO [acme.framework.utilities.DatabasePopulator] Validating task04 ... PASS
INFO [acme.framework.utilities.DatabasePopulator] Validating task05 ... PASS
INFO [acme.framework.utilities.DatabasePopulator] Validating task06 ... PASS
INFO [acme.framework.utilities.DatabasePopulator] Validating task07 ... PASS
INFO [acme.framework.utilities.DatabasePopulator] Validating task08 ... PASS
INFO [acme.framework.utilities.DatabasePopulator] Validating task09 ... PASS
INFO [acme.framework.utilities.DatabasePopulator] Validating task10 ... PASS
INFO [acme.framework.utilities.DatabasePopulator] Validating task11 ... PASS
INFO [acme.framework.utilities.DatabasePopulator] Validating task12 ... PASS
INFO [acme.framework.utilities.DatabasePopulator] Validating task13 ... PASS
INFO [acme.framework.utilities.DatabasePopulator] Validating task14 ... PASS
INFO [acme.framework.utilities.DatabasePopulator] Validating task15 ... PASS
INFO [acme.framework.utilities.DatabasePopulator] Validating task16 ... PASS
INFO [acme.framework.utilities.DatabasePopulator] Validating spam01 ... PASS
INFO [acme.framework.utilities.DatabasePopulator] Validating spam02 ... PASS
INFO [acme.framework.utilities.DatabasePopulator] Validating spam03 ... PASS
INFO [acme.framework.utilities.DatabasePopulator] Validating spam04 ... PASS
INFO [acme.framework.utilities.DatabasePopulator] Validating spam05 ... PASS
INFO [acme.framework.utilities.DatabasePopulator] Validating spam06 ... PASS
INFO [acme.framework.utilities.DatabasePopulator] Validating spam07 ... PASS
INFO [acme.framework.utilities.DatabasePopulator] Validating spam08 ... PASS
INFO [acme.framework.utilities.DatabasePopulator] Validating spam09 ... PASS
INFO [acme.framework.utilities.DatabasePopulator] Validating spam10 ... PASS
INFO [acme.framework.utilities.DatabasePopulator] Validating configuration01 ... PASS
INFO [acme.framework.utilities.DatabasePopulator] Sorting your entities topologically.
INFO [acme.framework.utilities.DatabasePopulator] > Setting index 0 for managerUserAccount1.
INFO [acme.framework.utilities.DatabasePopulator] > Setting index 1 for managerManager.
INFO [acme.framework.utilities.DatabasePopulator] > Setting index 2 for managerAuthenticated.
INFO [acme.framework.utilities.DatabasePopulator] > Setting index 3 for task01.
INFO [acme.framework.utilities.DatabasePopulator] > Setting index 4 for task02.
INFO [acme.framework.utilities.DatabasePopulator] > Setting index 5 for task03.
INFO [acme.framework.utilities.DatabasePopulator] > Setting index 6 for task04.
INFO [acme.framework.utilities.DatabasePopulator] > Setting index 7 for task05.
INFO [acme.framework.utilities.DatabasePopulator] > Setting index 8 for task06.
INFO [acme.framework.utilities.DatabasePopulator] > Setting index 9 for task07.
INFO [acme.framework.utilities.DatabasePopulator] > Setting index 10 for task08.
INFO [acme.framework.utilities.DatabasePopulator] > Setting index 11 for task09.
INFO [acme.framework.utilities.DatabasePopulator] > Setting index 12 for task10.
INFO [acme.framework.utilities.DatabasePopulator] > Setting index 13 for task11.
INFO [acme.framework.utilities.DatabasePopulator] > Setting index 14 for task12.
INFO [acme.framework.utilities.DatabasePopulator] > Setting index 15 for task13.
INFO [acme.framework.utilities.DatabasePopulator] > Setting index 16 for task14.
INFO [acme.framework.utilities.DatabasePopulator] > Setting index 17 for task15.
INFO [acme.framework.utilities.DatabasePopulator] > Setting index 18 for task16.
INFO [acme.framework.utilities.DatabasePopulator] > Setting index 19 for spam01.
INFO [acme.framework.utilities.DatabasePopulator] > Setting index 20 for spam02.
INFO [acme.framework.utilities.DatabasePopulator] > Setting index 21 for spam03.
INFO [acme.framework.utilities.DatabasePopulator] > Setting index 22 for spam04.
INFO [acme.framework.utilities.DatabasePopulator] > Setting index 23 for spam05.
INFO [acme.framework.utilities.DatabasePopulator] > Setting index 24 for spam06.
INFO [acme.framework.utilities.DatabasePopulator] > Setting index 25 for spam07.
INFO [acme.framework.utilities.DatabasePopulator] > Setting index 26 for spam08.
INFO [acme.framework.utilities.DatabasePopulator] > Setting index 27 for spam09.
INFO [acme.framework.utilities.DatabasePopulator] > Setting index 28 for spam10.
INFO [acme.framework.utilities.DatabasePopulator] > Setting index 29 for configuration01.
INFO [acme.framework.utilities.DatabasePopulator] Persiting your entities.
INFO [acme.framework.utilities.DatabasePopulator] > Persisting managerUserAccount1 = acme.framework.entities.UserAccount{id=6, version=0}
INFO [acme.framework.utilities.DatabasePopulator] > Persisting managerManager = acme.entities.roles.Manager{id=7, version=0}
INFO [acme.framework.utilities.DatabasePopulator] > Persisting managerAuthenticated = acme.framework.entities.Authenticated{id=8, version=0}
INFO [acme.framework.utilities.DatabasePopulator] > Persisting task01 = acme.entities.tasks.Task{id=9, version=0}
INFO [acme.framework.utilities.DatabasePopulator] > Persisting task02 = acme.entities.tasks.Task{id=10, version=0}
INFO [acme.framework.utilities.DatabasePopulator] > Persisting task03 = acme.entities.tasks.Task{id=11, version=0}
INFO [acme.framework.utilities.DatabasePopulator] > Persisting task04 = acme.entities.tasks.Task{id=12, version=0}
INFO [acme.framework.utilities.DatabasePopulator] > Persisting task05 = acme.entities.tasks.Task{id=13, version=0}
INFO [acme.framework.utilities.DatabasePopulator] > Persisting task06 = acme.entities.tasks.Task{id=14, version=0}
INFO [acme.framework.utilities.DatabasePopulator] > Persisting task07 = acme.entities.tasks.Task{id=15, version=0}
INFO [acme.framework.utilities.DatabasePopulator] > Persisting task08 = acme.entities.tasks.Task{id=16, version=0}
INFO [acme.framework.utilities.DatabasePopulator] > Persisting task09 = acme.entities.tasks.Task{id=17, version=0}
INFO [acme.framework.utilities.DatabasePopulator] > Persisting task10 = acme.entities.tasks.Task{id=18, version=0}
INFO [acme.framework.utilities.DatabasePopulator] > Persisting task11 = acme.entities.tasks.Task{id=19, version=0}
INFO [acme.framework.utilities.DatabasePopulator] > Persisting task12 = acme.entities.tasks.Task{id=20, version=0}
INFO [acme.framework.utilities.DatabasePopulator] > Persisting task13 = acme.entities.tasks.Task{id=21, version=0}
INFO [acme.framework.utilities.DatabasePopulator] > Persisting task14 = acme.entities.tasks.Task{id=22, version=0}
INFO [acme.framework.utilities.DatabasePopulator] > Persisting task15 = acme.entities.tasks.Task{id=23, version=0}
INFO [acme.framework.utilities.DatabasePopulator] > Persisting task16 = acme.entities.tasks.Task{id=24, version=0}
INFO [acme.framework.utilities.DatabasePopulator] > Persisting spam01 = acme.entities.configuration.Spam{id=25, version=0}
INFO [acme.framework.utilities.DatabasePopulator] > Persisting spam02 = acme.entities.configuration.Spam{id=26, version=0}
INFO [acme.framework.utilities.DatabasePopulator] > Persisting spam03 = acme.entities.configuration.Spam{id=27, version=0}
INFO [acme.framework.utilities.DatabasePopulator] > Persisting spam04 = acme.entities.configuration.Spam{id=28, version=0}
INFO [acme.framework.utilities.DatabasePopulator] > Persisting spam05 = acme.entities.configuration.Spam{id=29, version=0}
INFO [acme.framework.utilities.DatabasePopulator] > Persisting spam06 = acme.entities.configuration.Spam{id=30, version=0}
INFO [acme.framework.utilities.DatabasePopulator] > Persisting spam07 = acme.entities.configuration.Spam{id=31, version=0}
INFO [acme.framework.utilities.DatabasePopulator] > Persisting spam08 = acme.entities.configuration.Spam{id=32, version=0}
INFO [acme.framework.utilities.DatabasePopulator] > Persisting spam09 = acme.entities.configuration.Spam{id=33, version=0}
INFO [acme.framework.utilities.DatabasePopulator] > Persisting spam10 = acme.entities.configuration.Spam{id=34, version=0}
INFO [acme.framework.utilities.DatabasePopulator] > Persisting configuration01 = acme.entities.configuration.Configuration{id=35, version=0}
INFO [acme.framework.configuration.ShutdownConfiguration] The system is shutting down...
INFO [acme.Launcher] Starting Launcher using Java 1.8.0_281 on DESKTOP-88O39JL with PID 8992 (C:\Users\Misco Jones\git\DP2-G18-SP2\target\classes started by Misco Jones in C:\Users\Misco Jones\git\DP2-G18-SP2)
INFO [acme.Launcher] The following profiles are active: development,populator
INFO [acme.Launcher] Started Launcher in 6.893 seconds (JVM running for 7.434)
INFO [acme.framework.utilities.DatabasePopulator] Populating sample data
INFO [acme.framework.utilities.DatabasePopulator] Recreating schema
INFO [acme.framework.utilities.DatabasePopulator] Populating entities from classpath:/WEB-INF/population/initial-data.xml
INFO [acme.framework.utilities.DatabasePopulator] Validating your entities.
INFO [acme.framework.utilities.DatabasePopulator] Validating anonymousUserAccount ... PASS
INFO [acme.framework.utilities.DatabasePopulator] Validating anonymousAnonymous ... PASS
INFO [acme.framework.utilities.DatabasePopulator] Validating administratorUserAccount ... PASS
INFO [acme.framework.utilities.DatabasePopulator] Validating administratorAdministrator ... PASS
INFO [acme.framework.utilities.DatabasePopulator] Validating administratorAuthenticated ... PASS
INFO [acme.framework.utilities.DatabasePopulator] Sorting your entities topologically.
INFO [acme.framework.utilities.DatabasePopulator] > Setting index 0 for anonymousUserAccount.
INFO [acme.framework.utilities.DatabasePopulator] > Setting index 1 for anonymousAnonymous.
INFO [acme.framework.utilities.DatabasePopulator] > Setting index 2 for administratorUserAccount.
INFO [acme.framework.utilities.DatabasePopulator] > Setting index 3 for administratorAdministrator.
INFO [acme.framework.utilities.DatabasePopulator] > Setting index 4 for administratorAuthenticated.
INFO [acme.framework.utilities.DatabasePopulator] Persiting your entities.
INFO [acme.framework.utilities.DatabasePopulator] > Persisting anonymousUserAccount = acme.framework.entities.UserAccount{id=1, version=0}
INFO [acme.framework.utilities.DatabasePopulator] > Persisting anonymousAnonymous = acme.framework.entities.Anonymous{id=2, version=0}
INFO [acme.framework.utilities.DatabasePopulator] > Persisting administratorUserAccount = acme.framework.entities.UserAccount{id=3, version=0}
INFO [acme.framework.utilities.DatabasePopulator] > Persisting administratorAdministrator = acme.framework.entities.Administrator{id=4, version=0}
INFO [acme.framework.utilities.DatabasePopulator] > Persisting administratorAuthenticated = acme.framework.entities.Authenticated{id=5, version=0}
INFO [acme.framework.utilities.DatabasePopulator] Populating entities from classpath:/WEB-INF/population/sample-data.xml
INFO [acme.framework.utilities.DatabasePopulator] Validating your entities.
INFO [acme.framework.utilities.DatabasePopulator] Validating sheet1 ... PASS
INFO [acme.framework.utilities.DatabasePopulator] Validating shout01 ... PASS
INFO [acme.framework.utilities.DatabasePopulator] Validating sheet2 ... PASS
INFO [acme.framework.utilities.DatabasePopulator] Validating shout02 ... PASS
INFO [acme.framework.utilities.DatabasePopulator] Validating sheet3 ... PASS
INFO [acme.framework.utilities.DatabasePopulator] Validating shout03 ... PASS
INFO [acme.framework.utilities.DatabasePopulator] Validating sheet4 ... PASS
INFO [acme.framework.utilities.DatabasePopulator] Validating shout04 ... PASS
INFO [acme.framework.utilities.DatabasePopulator] Validating sheet5 ... PASS
INFO [acme.framework.utilities.DatabasePopulator] Validating shout05 ... PASS
INFO [acme.framework.utilities.DatabasePopulator] Validating sheet6 ... PASS
INFO [acme.framework.utilities.DatabasePopulator] Validating shout06 ... PASS
INFO [acme.framework.utilities.DatabasePopulator] Validating managerUserAccount1 ... PASS
INFO [acme.framework.utilities.DatabasePopulator] Validating managerManager ... PASS
INFO [acme.framework.utilities.DatabasePopulator] Validating managerAuthenticated ... PASS
INFO [acme.framework.utilities.DatabasePopulator] Validating task01 ... PASS
INFO [acme.framework.utilities.DatabasePopulator] Validating task02 ... PASS
INFO [acme.framework.utilities.DatabasePopulator] Validating task03 ... PASS
INFO [acme.framework.utilities.DatabasePopulator] Validating task04 ... PASS
INFO [acme.framework.utilities.DatabasePopulator] Validating task05 ... PASS
INFO [acme.framework.utilities.DatabasePopulator] Validating task06 ... PASS
INFO [acme.framework.utilities.DatabasePopulator] Validating task07 ... PASS
INFO [acme.framework.utilities.DatabasePopulator] Validating task08 ... PASS
INFO [acme.framework.utilities.DatabasePopulator] Validating task09 ... PASS
INFO [acme.framework.utilities.DatabasePopulator] Validating task10 ... PASS
INFO [acme.framework.utilities.DatabasePopulator] Validating task11 ... PASS
INFO [acme.framework.utilities.DatabasePopulator] Validating task12 ... PASS
INFO [acme.framework.utilities.DatabasePopulator] Validating task13 ... PASS
INFO [acme.framework.utilities.DatabasePopulator] Validating task14 ... PASS
INFO [acme.framework.utilities.DatabasePopulator] Validating task15 ... PASS
INFO [acme.framework.utilities.DatabasePopulator] Validating task16 ... PASS
INFO [acme.framework.utilities.DatabasePopulator] Validating spam01 ... PASS
INFO [acme.framework.utilities.DatabasePopulator] Validating spam02 ... PASS
INFO [acme.framework.utilities.DatabasePopulator] Validating spam03 ... PASS
INFO [acme.framework.utilities.DatabasePopulator] Validating spam04 ... PASS
INFO [acme.framework.utilities.DatabasePopulator] Validating spam05 ... PASS
INFO [acme.framework.utilities.DatabasePopulator] Validating spam06 ... PASS
INFO [acme.framework.utilities.DatabasePopulator] Validating spam07 ... PASS
INFO [acme.framework.utilities.DatabasePopulator] Validating spam08 ... PASS
INFO [acme.framework.utilities.DatabasePopulator] Validating spam09 ... PASS
INFO [acme.framework.utilities.DatabasePopulator] Validating spam10 ... PASS
INFO [acme.framework.utilities.DatabasePopulator] Validating configuration01 ... PASS
INFO [acme.framework.utilities.DatabasePopulator] Sorting your entities topologically.
INFO [acme.framework.utilities.DatabasePopulator] > Setting index 0 for sheet1.
INFO [acme.framework.utilities.DatabasePopulator] > Setting index 1 for shout01.
INFO [acme.framework.utilities.DatabasePopulator] > Setting index 2 for sheet2.
INFO [acme.framework.utilities.DatabasePopulator] > Setting index 3 for shout02.
INFO [acme.framework.utilities.DatabasePopulator] > Setting index 4 for sheet3.
INFO [acme.framework.utilities.DatabasePopulator] > Setting index 5 for shout03.
INFO [acme.framework.utilities.DatabasePopulator] > Setting index 6 for sheet4.
INFO [acme.framework.utilities.DatabasePopulator] > Setting index 7 for shout04.
INFO [acme.framework.utilities.DatabasePopulator] > Setting index 8 for sheet5.
INFO [acme.framework.utilities.DatabasePopulator] > Setting index 9 for shout05.
INFO [acme.framework.utilities.DatabasePopulator] > Setting index 10 for sheet6.
INFO [acme.framework.utilities.DatabasePopulator] > Setting index 11 for shout06.
INFO [acme.framework.utilities.DatabasePopulator] > Setting index 12 for managerUserAccount1.
INFO [acme.framework.utilities.DatabasePopulator] > Setting index 13 for managerManager.
INFO [acme.framework.utilities.DatabasePopulator] > Setting index 14 for managerAuthenticated.
INFO [acme.framework.utilities.DatabasePopulator] > Setting index 15 for task01.
INFO [acme.framework.utilities.DatabasePopulator] > Setting index 16 for task02.
INFO [acme.framework.utilities.DatabasePopulator] > Setting index 17 for task03.
INFO [acme.framework.utilities.DatabasePopulator] > Setting index 18 for task04.
INFO [acme.framework.utilities.DatabasePopulator] > Setting index 19 for task05.
INFO [acme.framework.utilities.DatabasePopulator] > Setting index 20 for task06.
INFO [acme.framework.utilities.DatabasePopulator] > Setting index 21 for task07.
INFO [acme.framework.utilities.DatabasePopulator] > Setting index 22 for task08.
INFO [acme.framework.utilities.DatabasePopulator] > Setting index 23 for task09.
INFO [acme.framework.utilities.DatabasePopulator] > Setting index 24 for task10.
INFO [acme.framework.utilities.DatabasePopulator] > Setting index 25 for task11.
INFO [acme.framework.utilities.DatabasePopulator] > Setting index 26 for task12.
INFO [acme.framework.utilities.DatabasePopulator] > Setting index 27 for task13.
INFO [acme.framework.utilities.DatabasePopulator] > Setting index 28 for task14.
INFO [acme.framework.utilities.DatabasePopulator] > Setting index 29 for task15.
INFO [acme.framework.utilities.DatabasePopulator] > Setting index 30 for task16.
INFO [acme.framework.utilities.DatabasePopulator] > Setting index 31 for spam01.
INFO [acme.framework.utilities.DatabasePopulator] > Setting index 32 for spam02.
INFO [acme.framework.utilities.DatabasePopulator] > Setting index 33 for spam03.
INFO [acme.framework.utilities.DatabasePopulator] > Setting index 34 for spam04.
INFO [acme.framework.utilities.DatabasePopulator] > Setting index 35 for spam05.
INFO [acme.framework.utilities.DatabasePopulator] > Setting index 36 for spam06.
INFO [acme.framework.utilities.DatabasePopulator] > Setting index 37 for spam07.
INFO [acme.framework.utilities.DatabasePopulator] > Setting index 38 for spam08.
INFO [acme.framework.utilities.DatabasePopulator] > Setting index 39 for spam09.
INFO [acme.framework.utilities.DatabasePopulator] > Setting index 40 for spam10.
INFO [acme.framework.utilities.DatabasePopulator] > Setting index 41 for configuration01.
INFO [acme.framework.utilities.DatabasePopulator] Persiting your entities.
INFO [acme.framework.utilities.DatabasePopulator] > Persisting sheet1 = acme.entities.shouts.InfoSheet{id=6, version=0}
INFO [acme.framework.utilities.DatabasePopulator] > Persisting shout01 = acme.entities.shouts.Shout{id=7, version=0}
INFO [acme.framework.utilities.DatabasePopulator] > Persisting sheet2 = acme.entities.shouts.InfoSheet{id=8, version=0}
INFO [acme.framework.utilities.DatabasePopulator] > Persisting shout02 = acme.entities.shouts.Shout{id=9, version=0}
INFO [acme.framework.utilities.DatabasePopulator] > Persisting sheet3 = acme.entities.shouts.InfoSheet{id=10, version=0}
INFO [acme.framework.utilities.DatabasePopulator] > Persisting shout03 = acme.entities.shouts.Shout{id=11, version=0}
INFO [acme.framework.utilities.DatabasePopulator] > Persisting sheet4 = acme.entities.shouts.InfoSheet{id=12, version=0}
INFO [acme.framework.utilities.DatabasePopulator] > Persisting shout04 = acme.entities.shouts.Shout{id=13, version=0}
INFO [acme.framework.utilities.DatabasePopulator] > Persisting sheet5 = acme.entities.shouts.InfoSheet{id=14, version=0}
INFO [acme.framework.utilities.DatabasePopulator] > Persisting shout05 = acme.entities.shouts.Shout{id=15, version=0}
INFO [acme.framework.utilities.DatabasePopulator] > Persisting sheet6 = acme.entities.shouts.InfoSheet{id=16, version=0}
INFO [acme.framework.utilities.DatabasePopulator] > Persisting shout06 = acme.entities.shouts.Shout{id=17, version=0}
INFO [acme.framework.utilities.DatabasePopulator] > Persisting managerUserAccount1 = acme.framework.entities.UserAccount{id=18, version=0}
INFO [acme.framework.utilities.DatabasePopulator] > Persisting managerManager = acme.entities.roles.Manager{id=19, version=0}
INFO [acme.framework.utilities.DatabasePopulator] > Persisting managerAuthenticated = acme.framework.entities.Authenticated{id=20, version=0}
INFO [acme.framework.utilities.DatabasePopulator] > Persisting task01 = acme.entities.tasks.Task{id=21, version=0}
INFO [acme.framework.utilities.DatabasePopulator] > Persisting task02 = acme.entities.tasks.Task{id=22, version=0}
INFO [acme.framework.utilities.DatabasePopulator] > Persisting task03 = acme.entities.tasks.Task{id=23, version=0}
INFO [acme.framework.utilities.DatabasePopulator] > Persisting task04 = acme.entities.tasks.Task{id=24, version=0}
INFO [acme.framework.utilities.DatabasePopulator] > Persisting task05 = acme.entities.tasks.Task{id=25, version=0}
INFO [acme.framework.utilities.DatabasePopulator] > Persisting task06 = acme.entities.tasks.Task{id=26, version=0}
INFO [acme.framework.utilities.DatabasePopulator] > Persisting task07 = acme.entities.tasks.Task{id=27, version=0}
INFO [acme.framework.utilities.DatabasePopulator] > Persisting task08 = acme.entities.tasks.Task{id=28, version=0}
INFO [acme.framework.utilities.DatabasePopulator] > Persisting task09 = acme.entities.tasks.Task{id=29, version=0}
INFO [acme.framework.utilities.DatabasePopulator] > Persisting task10 = acme.entities.tasks.Task{id=30, version=0}
INFO [acme.framework.utilities.DatabasePopulator] > Persisting task11 = acme.entities.tasks.Task{id=31, version=0}
INFO [acme.framework.utilities.DatabasePopulator] > Persisting task12 = acme.entities.tasks.Task{id=32, version=0}
INFO [acme.framework.utilities.DatabasePopulator] > Persisting task13 = acme.entities.tasks.Task{id=33, version=0}
INFO [acme.framework.utilities.DatabasePopulator] > Persisting task14 = acme.entities.tasks.Task{id=34, version=0}
INFO [acme.framework.utilities.DatabasePopulator] > Persisting task15 = acme.entities.tasks.Task{id=35, version=0}
INFO [acme.framework.utilities.DatabasePopulator] > Persisting task16 = acme.entities.tasks.Task{id=36, version=0}
INFO [acme.framework.utilities.DatabasePopulator] > Persisting spam01 = acme.entities.configuration.Spam{id=37, version=0}
INFO [acme.framework.utilities.DatabasePopulator] > Persisting spam02 = acme.entities.configuration.Spam{id=38, version=0}
INFO [acme.framework.utilities.DatabasePopulator] > Persisting spam03 = acme.entities.configuration.Spam{id=39, version=0}
INFO [acme.framework.utilities.DatabasePopulator] > Persisting spam04 = acme.entities.configuration.Spam{id=40, version=0}
INFO [acme.framework.utilities.DatabasePopulator] > Persisting spam05 = acme.entities.configuration.Spam{id=41, version=0}
INFO [acme.framework.utilities.DatabasePopulator] > Persisting spam06 = acme.entities.configuration.Spam{id=42, version=0}
INFO [acme.framework.utilities.DatabasePopulator] > Persisting spam07 = acme.entities.configuration.Spam{id=43, version=0}
INFO [acme.framework.utilities.DatabasePopulator] > Persisting spam08 = acme.entities.configuration.Spam{id=44, version=0}
INFO [acme.framework.utilities.DatabasePopulator] > Persisting spam09 = acme.entities.configuration.Spam{id=45, version=0}
INFO [acme.framework.utilities.DatabasePopulator] > Persisting spam10 = acme.entities.configuration.Spam{id=46, version=0}
INFO [acme.framework.utilities.DatabasePopulator] > Persisting configuration01 = acme.entities.configuration.Configuration{id=47, version=0}
INFO [acme.framework.configuration.ShutdownConfiguration] The system is shutting down...
WARN [org.springframework.boot.web.servlet.context.AnnotationConfigServletWebServerApplicationContext] Exception encountered during context initialization - cancelling refresh attempt: org.springframework.context.ApplicationContextException: Failed to start bean 'webServerStartStop'; nested exception is org.springframework.boot.web.server.PortInUseException: Port 8080 is already in use
ERROR [org.springframework.boot.diagnostics.LoggingFailureAnalysisReporter] ***************************
APPLICATION FAILED TO START
***************************
Description:
Web server failed to start. Port 8080 was already in use.
Action:
Identify and stop the process that's listening on port 8080 or configure this application to listen on another port.
ERROR [org.springframework.orm.jpa.LocalContainerEntityManagerFactoryBean] Failed to initialize JPA EntityManagerFactory: [PersistenceUnit: default] Unable to build Hibernate SessionFactory; nested exception is org.hibernate.tool.schema.spi.SchemaManagementException: Schema-validation: wrong column type encountered in column [info_date] in table [info_sheet]; found [varchar (Types#VARCHAR)], but expecting [date (Types#DATE)]
WARN [org.springframework.boot.web.servlet.context.AnnotationConfigServletWebServerApplicationContext] Exception encountered during context initialization - cancelling refresh attempt: org.springframework.beans.factory.BeanCreationException: Error creating bean with name 'entityManagerFactory' defined in class path resource [org/springframework/boot/autoconfigure/orm/jpa/HibernateJpaConfiguration.class]: Invocation of init method failed; nested exception is javax.persistence.PersistenceException: [PersistenceUnit: default] Unable to build Hibernate SessionFactory; nested exception is org.hibernate.tool.schema.spi.SchemaManagementException: Schema-validation: wrong column type encountered in column [info_date] in table [info_sheet]; found [varchar (Types#VARCHAR)], but expecting [date (Types#DATE)]
ERROR [org.springframework.boot.SpringApplication] at org.springframework.beans.factory.support.AbstractAutowireCapableBeanFactory.initializeBean(AbstractAutowireCapableBeanFactory.java:1788): Error creating bean with name 'entityManagerFactory' defined in class path resource [org/springframework/boot/autoconfigure/orm/jpa/HibernateJpaConfiguration.class]: Invocation of init method failed; nested exception is javax.persistence.PersistenceException: [PersistenceUnit: default] Unable to build Hibernate SessionFactory; nested exception is org.hibernate.tool.schema.spi.SchemaManagementException: Schema-validation: wrong column type encountered in column [info_date] in table [info_sheet]; found [varchar (Types#VARCHAR)], but expecting [date (Types#DATE)]
at org.springframework.orm.jpa.AbstractEntityManagerFactoryBean.buildNativeEntityManagerFactory(AbstractEntityManagerFactoryBean.java:421): [PersistenceUnit: default] Unable to build Hibernate SessionFactory; nested exception is org.hibernate.tool.schema.spi.SchemaManagementException: Schema-validation: wrong column type encountered in column [info_date] in table [info_sheet]; found [varchar (Types#VARCHAR)], but expecting [date (Types#DATE)]
at org.hibernate.tool.schema.internal.AbstractSchemaValidator.validateColumnType(AbstractSchemaValidator.java:159): Schema-validation: wrong column type encountered in column [info_date] in table [info_sheet]; found [varchar (Types#VARCHAR)], but expecting [date (Types#DATE)]
INFO [acme.Launcher] Starting Launcher using Java 1.8.0_281 on DESKTOP-88O39JL with PID 14484 (C:\Users\Misco Jones\git\DP2-G18-SP2\target\classes started by Misco Jones in C:\Users\Misco Jones\git\DP2-G18-SP2)
INFO [acme.Launcher] The following profiles are active: development,populator
INFO [acme.Launcher] Started Launcher in 6.932 seconds (JVM running for 7.475)
INFO [acme.framework.utilities.DatabasePopulator] Populating sample data
INFO [acme.framework.utilities.DatabasePopulator] Recreating schema
INFO [acme.framework.utilities.DatabasePopulator] Populating entities from classpath:/WEB-INF/population/initial-data.xml
INFO [acme.framework.utilities.DatabasePopulator] Validating your entities.
INFO [acme.framework.utilities.DatabasePopulator] Validating anonymousUserAccount ... PASS
INFO [acme.framework.utilities.DatabasePopulator] Validating anonymousAnonymous ... PASS
INFO [acme.framework.utilities.DatabasePopulator] Validating administratorUserAccount ... PASS
INFO [acme.framework.utilities.DatabasePopulator] Validating administratorAdministrator ... PASS
INFO [acme.framework.utilities.DatabasePopulator] Validating administratorAuthenticated ... PASS
INFO [acme.framework.utilities.DatabasePopulator] Sorting your entities topologically.
INFO [acme.framework.utilities.DatabasePopulator] > Setting index 0 for anonymousUserAccount.
INFO [acme.framework.utilities.DatabasePopulator] > Setting index 1 for anonymousAnonymous.
INFO [acme.framework.utilities.DatabasePopulator] > Setting index 2 for administratorUserAccount.
INFO [acme.framework.utilities.DatabasePopulator] > Setting index 3 for administratorAdministrator.
INFO [acme.framework.utilities.DatabasePopulator] > Setting index 4 for administratorAuthenticated.
INFO [acme.framework.utilities.DatabasePopulator] Persiting your entities.
INFO [acme.framework.utilities.DatabasePopulator] > Persisting anonymousUserAccount = acme.framework.entities.UserAccount{id=1, version=0}
INFO [acme.framework.utilities.DatabasePopulator] > Persisting anonymousAnonymous = acme.framework.entities.Anonymous{id=2, version=0}
INFO [acme.framework.utilities.DatabasePopulator] > Persisting administratorUserAccount = acme.framework.entities.UserAccount{id=3, version=0}
INFO [acme.framework.utilities.DatabasePopulator] > Persisting administratorAdministrator = acme.framework.entities.Administrator{id=4, version=0}
INFO [acme.framework.utilities.DatabasePopulator] > Persisting administratorAuthenticated = acme.framework.entities.Authenticated{id=5, version=0}
INFO [acme.framework.utilities.DatabasePopulator] Populating entities from classpath:/WEB-INF/population/sample-data.xml
INFO [acme.framework.utilities.DatabasePopulator] Validating your entities.
INFO [acme.framework.utilities.DatabasePopulator] Validating sheet1 ... PASS
INFO [acme.framework.utilities.DatabasePopulator] Validating shout01 ... PASS
INFO [acme.framework.utilities.DatabasePopulator] Validating sheet2 ... PASS
INFO [acme.framework.utilities.DatabasePopulator] Validating shout02 ... PASS
INFO [acme.framework.utilities.DatabasePopulator] Validating sheet3 ... PASS
INFO [acme.framework.utilities.DatabasePopulator] Validating shout03 ... PASS
INFO [acme.framework.utilities.DatabasePopulator] Validating sheet4 ... PASS
INFO [acme.framework.utilities.DatabasePopulator] Validating shout04 ... PASS
INFO [acme.framework.utilities.DatabasePopulator] Validating sheet5 ... PASS
INFO [acme.framework.utilities.DatabasePopulator] Validating shout05 ... PASS
INFO [acme.framework.utilities.DatabasePopulator] Validating sheet6 ... PASS
INFO [acme.framework.utilities.DatabasePopulator] Validating shout06 ... PASS
INFO [acme.framework.utilities.DatabasePopulator] Validating managerUserAccount1 ... PASS
INFO [acme.framework.utilities.DatabasePopulator] Validating managerManager ... PASS
INFO [acme.framework.utilities.DatabasePopulator] Validating managerAuthenticated ... PASS
INFO [acme.framework.utilities.DatabasePopulator] Validating task01 ... PASS
INFO [acme.framework.utilities.DatabasePopulator] Validating task02 ... PASS
INFO [acme.framework.utilities.DatabasePopulator] Validating task03 ... PASS
INFO [acme.framework.utilities.DatabasePopulator] Validating task04 ... PASS
INFO [acme.framework.utilities.DatabasePopulator] Validating task05 ... PASS
INFO [acme.framework.utilities.DatabasePopulator] Validating task06 ... PASS
INFO [acme.framework.utilities.DatabasePopulator] Validating task07 ... PASS
INFO [acme.framework.utilities.DatabasePopulator] Validating task08 ... PASS
INFO [acme.framework.utilities.DatabasePopulator] Validating task09 ... PASS
INFO [acme.framework.utilities.DatabasePopulator] Validating task10 ... PASS
INFO [acme.framework.utilities.DatabasePopulator] Validating task11 ... PASS
INFO [acme.framework.utilities.DatabasePopulator] Validating task12 ... PASS
INFO [acme.framework.utilities.DatabasePopulator] Validating task13 ... PASS
INFO [acme.framework.utilities.DatabasePopulator] Validating task14 ... PASS
INFO [acme.framework.utilities.DatabasePopulator] Validating task15 ... PASS
INFO [acme.framework.utilities.DatabasePopulator] Validating task16 ... PASS
INFO [acme.framework.utilities.DatabasePopulator] Validating spam01 ... PASS
INFO [acme.framework.utilities.DatabasePopulator] Validating spam02 ... PASS
INFO [acme.framework.utilities.DatabasePopulator] Validating spam03 ... PASS
INFO [acme.framework.utilities.DatabasePopulator] Validating spam04 ... PASS
INFO [acme.framework.utilities.DatabasePopulator] Validating spam05 ... PASS
INFO [acme.framework.utilities.DatabasePopulator] Validating spam06 ... PASS
INFO [acme.framework.utilities.DatabasePopulator] Validating spam07 ... PASS
INFO [acme.framework.utilities.DatabasePopulator] Validating spam08 ... PASS
INFO [acme.framework.utilities.DatabasePopulator] Validating spam09 ... PASS
INFO [acme.framework.utilities.DatabasePopulator] Validating spam10 ... PASS
INFO [acme.framework.utilities.DatabasePopulator] Validating configuration01 ... PASS
INFO [acme.framework.utilities.DatabasePopulator] Sorting your entities topologically.
INFO [acme.framework.utilities.DatabasePopulator] > Setting index 0 for sheet1.
INFO [acme.framework.utilities.DatabasePopulator] > Setting index 1 for shout01.
INFO [acme.framework.utilities.DatabasePopulator] > Setting index 2 for sheet2.
INFO [acme.framework.utilities.DatabasePopulator] > Setting index 3 for shout02.
INFO [acme.framework.utilities.DatabasePopulator] > Setting index 4 for sheet3.
INFO [acme.framework.utilities.DatabasePopulator] > Setting index 5 for shout03.
INFO [acme.framework.utilities.DatabasePopulator] > Setting index 6 for sheet4.
INFO [acme.framework.utilities.DatabasePopulator] > Setting index 7 for shout04.
INFO [acme.framework.utilities.DatabasePopulator] > Setting index 8 for sheet5.
INFO [acme.framework.utilities.DatabasePopulator] > Setting index 9 for shout05.
INFO [acme.framework.utilities.DatabasePopulator] > Setting index 10 for sheet6.
INFO [acme.framework.utilities.DatabasePopulator] > Setting index 11 for shout06.
INFO [acme.framework.utilities.DatabasePopulator] > Setting index 12 for managerUserAccount1.
INFO [acme.framework.utilities.DatabasePopulator] > Setting index 13 for managerManager.
INFO [acme.framework.utilities.DatabasePopulator] > Setting index 14 for managerAuthenticated.
INFO [acme.framework.utilities.DatabasePopulator] > Setting index 15 for task01.
INFO [acme.framework.utilities.DatabasePopulator] > Setting index 16 for task02.
INFO [acme.framework.utilities.DatabasePopulator] > Setting index 17 for task03.
INFO [acme.framework.utilities.DatabasePopulator] > Setting index 18 for task04.
INFO [acme.framework.utilities.DatabasePopulator] > Setting index 19 for task05.
INFO [acme.framework.utilities.DatabasePopulator] > Setting index 20 for task06.
INFO [acme.framework.utilities.DatabasePopulator] > Setting index 21 for task07.
INFO [acme.framework.utilities.DatabasePopulator] > Setting index 22 for task08.
INFO [acme.framework.utilities.DatabasePopulator] > Setting index 23 for task09.
INFO [acme.framework.utilities.DatabasePopulator] > Setting index 24 for task10.
INFO [acme.framework.utilities.DatabasePopulator] > Setting index 25 for task11.
INFO [acme.framework.utilities.DatabasePopulator] > Setting index 26 for task12.
INFO [acme.framework.utilities.DatabasePopulator] > Setting index 27 for task13.
INFO [acme.framework.utilities.DatabasePopulator] > Setting index 28 for task14.
INFO [acme.framework.utilities.DatabasePopulator] > Setting index 29 for task15.
INFO [acme.framework.utilities.DatabasePopulator] > Setting index 30 for task16.
INFO [acme.framework.utilities.DatabasePopulator] > Setting index 31 for spam01.
INFO [acme.framework.utilities.DatabasePopulator] > Setting index 32 for spam02.
INFO [acme.framework.utilities.DatabasePopulator] > Setting index 33 for spam03.
INFO [acme.framework.utilities.DatabasePopulator] > Setting index 34 for spam04.
INFO [acme.framework.utilities.DatabasePopulator] > Setting index 35 for spam05.
INFO [acme.framework.utilities.DatabasePopulator] > Setting index 36 for spam06.
INFO [acme.framework.utilities.DatabasePopulator] > Setting index 37 for spam07.
INFO [acme.framework.utilities.DatabasePopulator] > Setting index 38 for spam08.
INFO [acme.framework.utilities.DatabasePopulator] > Setting index 39 for spam09.
INFO [acme.framework.utilities.DatabasePopulator] > Setting index 40 for spam10.
INFO [acme.framework.utilities.DatabasePopulator] > Setting index 41 for configuration01.
INFO [acme.framework.utilities.DatabasePopulator] Persiting your entities.
INFO [acme.framework.utilities.DatabasePopulator] > Persisting sheet1 = acme.entities.shouts.InfoSheet{id=6, version=0}
INFO [acme.framework.utilities.DatabasePopulator] > Persisting shout01 = acme.entities.shouts.Shout{id=7, version=0}
INFO [acme.framework.utilities.DatabasePopulator] > Persisting sheet2 = acme.entities.shouts.InfoSheet{id=8, version=0}
INFO [acme.framework.utilities.DatabasePopulator] > Persisting shout02 = acme.entities.shouts.Shout{id=9, version=0}
INFO [acme.framework.utilities.DatabasePopulator] > Persisting sheet3 = acme.entities.shouts.InfoSheet{id=10, version=0}
INFO [acme.framework.utilities.DatabasePopulator] > Persisting shout03 = acme.entities.shouts.Shout{id=11, version=0}
INFO [acme.framework.utilities.DatabasePopulator] > Persisting sheet4 = acme.entities.shouts.InfoSheet{id=12, version=0}
INFO [acme.framework.utilities.DatabasePopulator] > Persisting shout04 = acme.entities.shouts.Shout{id=13, version=0}
INFO [acme.framework.utilities.DatabasePopulator] > Persisting sheet5 = acme.entities.shouts.InfoSheet{id=14, version=0}
INFO [acme.framework.utilities.DatabasePopulator] > Persisting shout05 = acme.entities.shouts.Shout{id=15, version=0}
INFO [acme.framework.utilities.DatabasePopulator] > Persisting sheet6 = acme.entities.shouts.InfoSheet{id=16, version=0}
INFO [acme.framework.utilities.DatabasePopulator] > Persisting shout06 = acme.entities.shouts.Shout{id=17, version=0}
INFO [acme.framework.utilities.DatabasePopulator] > Persisting managerUserAccount1 = acme.framework.entities.UserAccount{id=18, version=0}
INFO [acme.framework.utilities.DatabasePopulator] > Persisting managerManager = acme.entities.roles.Manager{id=19, version=0}
INFO [acme.framework.utilities.DatabasePopulator] > Persisting managerAuthenticated = acme.framework.entities.Authenticated{id=20, version=0}
INFO [acme.framework.utilities.DatabasePopulator] > Persisting task01 = acme.entities.tasks.Task{id=21, version=0}
INFO [acme.framework.utilities.DatabasePopulator] > Persisting task02 = acme.entities.tasks.Task{id=22, version=0}
INFO [acme.framework.utilities.DatabasePopulator] > Persisting task03 = acme.entities.tasks.Task{id=23, version=0}
INFO [acme.framework.utilities.DatabasePopulator] > Persisting task04 = acme.entities.tasks.Task{id=24, version=0}
INFO [acme.framework.utilities.DatabasePopulator] > Persisting task05 = acme.entities.tasks.Task{id=25, version=0}
INFO [acme.framework.utilities.DatabasePopulator] > Persisting task06 = acme.entities.tasks.Task{id=26, version=0}
INFO [acme.framework.utilities.DatabasePopulator] > Persisting task07 = acme.entities.tasks.Task{id=27, version=0}
INFO [acme.framework.utilities.DatabasePopulator] > Persisting task08 = acme.entities.tasks.Task{id=28, version=0}
INFO [acme.framework.utilities.DatabasePopulator] > Persisting task09 = acme.entities.tasks.Task{id=29, version=0}
INFO [acme.framework.utilities.DatabasePopulator] > Persisting task10 = acme.entities.tasks.Task{id=30, version=0}
INFO [acme.framework.utilities.DatabasePopulator] > Persisting task11 = acme.entities.tasks.Task{id=31, version=0}
INFO [acme.framework.utilities.DatabasePopulator] > Persisting task12 = acme.entities.tasks.Task{id=32, version=0}
INFO [acme.framework.utilities.DatabasePopulator] > Persisting task13 = acme.entities.tasks.Task{id=33, version=0}
INFO [acme.framework.utilities.DatabasePopulator] > Persisting task14 = acme.entities.tasks.Task{id=34, version=0}
INFO [acme.framework.utilities.DatabasePopulator] > Persisting task15 = acme.entities.tasks.Task{id=35, version=0}
INFO [acme.framework.utilities.DatabasePopulator] > Persisting task16 = acme.entities.tasks.Task{id=36, version=0}
INFO [acme.framework.utilities.DatabasePopulator] > Persisting spam01 = acme.entities.configuration.Spam{id=37, version=0}
INFO [acme.framework.utilities.DatabasePopulator] > Persisting spam02 = acme.entities.configuration.Spam{id=38, version=0}
INFO [acme.framework.utilities.DatabasePopulator] > Persisting spam03 = acme.entities.configuration.Spam{id=39, version=0}
INFO [acme.framework.utilities.DatabasePopulator] > Persisting spam04 = acme.entities.configuration.Spam{id=40, version=0}
INFO [acme.framework.utilities.DatabasePopulator] > Persisting spam05 = acme.entities.configuration.Spam{id=41, version=0}
INFO [acme.framework.utilities.DatabasePopulator] > Persisting spam06 = acme.entities.configuration.Spam{id=42, version=0}
INFO [acme.framework.utilities.DatabasePopulator] > Persisting spam07 = acme.entities.configuration.Spam{id=43, version=0}
INFO [acme.framework.utilities.DatabasePopulator] > Persisting spam08 = acme.entities.configuration.Spam{id=44, version=0}
INFO [acme.framework.utilities.DatabasePopulator] > Persisting spam09 = acme.entities.configuration.Spam{id=45, version=0}
INFO [acme.framework.utilities.DatabasePopulator] > Persisting spam10 = acme.entities.configuration.Spam{id=46, version=0}
INFO [acme.framework.utilities.DatabasePopulator] > Persisting configuration01 = acme.entities.configuration.Configuration{id=47, version=0}
INFO [acme.framework.configuration.ShutdownConfiguration] The system is shutting down...
